<?xml version="1.0" encoding="UTF-8"?>
<testsuite xmlns:xsi="http://www.w3.org/2001/XMLSchema-instance" xsi:noNamespaceSchemaLocation="https://maven.apache.org/surefire/maven-surefire-plugin/xsd/surefire-test-report-3.0.xsd" version="3.0" name="com.greatlearning.ems.EmsApplicationTests" time="7.825" tests="1" errors="0" skipped="0" failures="0">
  <properties>
[...]
</properties>
  <testcase name="contextLoads" classname="com.greatlearning.ems.EmsApplicationTests" time="2.571">
    <system-out><![CDATA[14:52:49.532 [main] INFO org.springframework.test.context.support.AnnotationConfigContextLoaderUtils -- Could not detect default configuration classes for test class [com.greatlearning.ems.EmsApplicationTests]: EmsApplicationTests does not declare any static, non-private, non-final, nested classes annotated with @Configuration.
14:52:49.777 [main] INFO org.springframework.boot.test.context.SpringBootTestContextBootstrapper -- Found @SpringBootConfiguration com.greatlearning.ems.EmsApplication for test class com.greatlearning.ems.EmsApplicationTests
14:52:50.217 [main] INFO org.springframework.boot.devtools.restart.RestartApplicationListener -- Restart disabled due to context in which it is running

  .   ____          _            __ _ _
 /\\ / ___'_ __ _ _(_)_ __  __ _ \ \ \ \
( ( )\___ | '_ | '_| | '_ \/ _` | \ \ \ \
 \\/  ___)| |_)| | | | | || (_| |  ) ) ) )
  '  |____| .__|_| |_|_| |_\__, | / / / /
 =========|_|==============|___/=/_/_/_/
 :: Spring Boot ::                (v3.2.4)

2024-04-07T14:52:50.965+05:30  INFO 17268 --- [ems] [           main] c.greatlearning.ems.EmsApplicationTests  : Starting EmsApplicationTests using Java 17 with PID 17268 (started by pnavodit in C:\Users\pnavodit\eclipse-workspace\SpringWorkspace\ems)
2024-04-07T14:52:50.970+05:30  INFO 17268 --- [ems] [           main] c.greatlearning.ems.EmsApplicationTests  : No active profile set, falling back to 1 default profile: "default"
2024-04-07T14:52:54.108+05:30  WARN 17268 --- [ems] [           main] ion$DefaultTemplateResolverConfiguration : Cannot find template location: classpath:/templates/ (please add some templates, check your Thymeleaf configuration, or set spring.thymeleaf.check-template-location=false)
2024-04-07T14:52:54.272+05:30  INFO 17268 --- [ems] [           main] c.greatlearning.ems.EmsApplicationTests  : Started EmsApplicationTests in 4.09 seconds (process running for 6.645)
]]></system-out>
  </testcase>
</testsuite>